<?xml version="1.0" encoding="UTF-8"?>
<!-- Generated by org.testng.reporters.JUnitReportReporter -->
<testsuite skipped="0" hostname="Admins-MacBook-Pro.local" name="APITesting.com.testing.api.WeatherResults" tests="1" failures="0" timestamp="16 Mar 2020 18:15:59 GMT" time="2.955" errors="0">
  <testcase name="case8" time="2.955" classname="APITesting.com.testing.api.WeatherResults"/>
</testsuite> <!-- APITesting.com.testing.api.WeatherResults -->
