<?xml version="1.0" encoding="UTF-8"?>
<!-- Generated by org.testng.reporters.JUnitReportReporter -->
<testsuite skipped="0" hostname="Admins-MacBook-Pro.local" name="com.github.api.test.APITest" tests="1" failures="0" timestamp="16 Mar 2020 21:39:35 GMT" time="28.930" errors="0">
  <testcase name="CheckAPI" time="28.930" classname="com.github.api.test.APITest"/>
</testsuite> <!-- com.github.api.test.APITest -->
