<?xml version="1.0" encoding="UTF-8"?>
<!-- Generated by org.testng.reporters.JUnitReportReporter -->
<testsuite hostname="Admins-MacBook-Pro.local" name="APITesting.com.testing.api.GetResults" tests="1" failures="0" timestamp="13 Mar 2020 20:54:39 GMT" time="1.530" errors="0">
  <testcase name="case1" time="1.530" classname="APITesting.com.testing.api.GetResults"/>
</testsuite> <!-- APITesting.com.testing.api.GetResults -->
